<?xml version="1.0" encoding="UTF-8"?>
<!-- Generated by org.testng.reporters.JUnitReportReporter -->
<testsuite hostname="User-PC" name="TestPackage.FlipHome" tests="1" failures="0" timestamp="30 Apr 2017 15:19:57 GMT" time="0.020" errors="0">
  <testcase name="Script" time="0.020" classname="TestPackage.FlipHome"/>
</testsuite> <!-- TestPackage.FlipHome -->
