<?xml version="1.0" encoding="UTF-8"?>
<!-- Generated by org.testng.reporters.JUnitReportReporter -->
<testsuite hostname="User-PC" name="com.gmail.test.GmailLoginClass" tests="1" failures="0" timestamp="18 Apr 2017 18:52:22 GMT" time="19.638" errors="0">
  <testcase name="loginTest" time="19.638" classname="com.gmail.test.GmailLoginClass"/>
</testsuite> <!-- com.gmail.test.GmailLoginClass -->
