<?xml version="1.0" encoding="UTF-8"?>
<!-- Generated by org.testng.reporters.JUnitReportReporter -->
<testsuite hostname="User-PC" name="com.indeed.getallimages.TestNGExample" tests="1" failures="0" timestamp="25 Mar 2017 05:33:44 GMT" time="0.020" errors="0">
  <testcase name="testPrintMessage" time="0.020" classname="com.indeed.getallimages.TestNGExample"/>
</testsuite> <!-- com.indeed.getallimages.TestNGExample -->
